2024-06-05 19:22:26,998:INFO:Data retrieval successful
2024-06-05 19:22:27,001:INFO:Data preprocessing successful
2024-06-05 19:22:27,008:INFO:Feature engineering successful
2024-06-05 19:22:58,882:INFO:Model training successful
2024-06-05 19:23:04,200:INFO:Model evaluation successful
2024-06-05 19:23:14,281:INFO:Model explainability analysis successful
2024-06-05 19:23:16,531:INFO:Trading simulation successful
2024-06-05 19:27:27,086:INFO:Data retrieval successful
2024-06-05 19:27:27,089:INFO:Data preprocessing successful
2024-06-05 19:27:27,097:INFO:Feature engineering successful
2024-06-05 19:27:53,830:INFO:Model training successful
2024-06-05 19:27:57,099:INFO:Model evaluation successful
2024-06-05 19:28:06,096:INFO:Model explainability analysis successful
2024-06-05 19:28:07,376:INFO:Trading simulation successful
2024-06-05 19:29:07,511:INFO:Data retrieval successful
2024-06-05 19:29:07,516:INFO:Data preprocessing successful
2024-06-05 19:29:07,525:INFO:Feature engineering successful
2024-06-05 19:29:39,158:INFO:Model training successful
2024-06-05 19:29:43,791:INFO:Model evaluation successful
2024-06-05 19:29:56,422:INFO:Model explainability analysis successful
2024-06-05 19:29:58,640:INFO:Trading simulation successful
2024-06-05 19:36:05,825:INFO:Data retrieval successful, shape: (1095, 6)
2024-06-05 19:36:05,828:INFO:Data preprocessing successful, shape: (1095, 6)
2024-06-05 19:36:05,836:INFO:Feature engineering successful, shape: (895, 15)
2024-06-05 19:36:36,270:INFO:Model training successful, X_train shape: (716, 9), X_test shape: (179, 9)
2024-06-05 19:36:39,038:INFO:Model evaluation successful
2024-06-05 19:36:40,313:INFO:Trading simulation successful
2024-06-05 19:40:39,452:INFO:Data retrieval successful, shape: (1095, 6)
2024-06-05 19:40:39,455:INFO:Data preprocessing successful, shape: (1095, 6)
2024-06-05 19:40:39,462:INFO:Feature engineering successful, shape: (895, 15)
2024-06-05 19:41:08,142:INFO:Model training successful, X_train shape: (716, 9), X_test shape: (179, 9)
2024-06-05 19:41:15,212:INFO:Model evaluation successful
2024-06-05 19:41:16,529:INFO:Trading simulation successful
2024-06-05 19:42:31,711:INFO:Data retrieval successful, shape: (1095, 6)
2024-06-05 19:42:31,715:INFO:Data preprocessing successful, shape: (1095, 6)
2024-06-05 19:42:31,721:INFO:Feature engineering successful, shape: (895, 15)
2024-06-05 19:43:00,796:INFO:Model training successful, X_train shape: (716, 9), X_test shape: (179, 9)
2024-06-05 19:43:04,649:INFO:Model evaluation successful
2024-06-05 19:43:07,155:INFO:Trading simulation successful
2024-06-05 19:46:02,108:INFO:Data retrieval successful, shape: (1095, 6)
2024-06-05 19:46:02,110:INFO:Data preprocessing successful, shape: (1095, 6)
2024-06-05 19:46:02,117:INFO:Feature engineering successful, shape: (895, 15)
2024-06-05 19:46:32,619:INFO:Model training successful, X_train shape: (716, 9), X_test shape: (179, 9)
2024-06-05 19:46:35,858:INFO:Model evaluation successful
2024-06-05 19:46:37,395:INFO:Trading simulation successful
2024-06-05 19:55:16,246:INFO:Data retrieval successful, shape: (1095, 6)
2024-06-05 19:55:16,250:INFO:Data preprocessing successful, shape: (1095, 6)
2024-06-05 19:55:16,285:INFO:Feature engineering successful, shape: (874, 18)
2024-06-05 19:55:57,083:INFO:Model training successful, X_train shape: (699, 12), X_test shape: (175, 12)
2024-06-05 19:55:59,624:INFO:Model evaluation successful
2024-06-05 19:56:02,851:INFO:Trading simulation successful
2024-06-05 19:57:49,444:INFO:Data retrieval successful, shape: (754, 6)
2024-06-05 19:57:49,448:INFO:Data preprocessing successful, shape: (754, 6)
2024-06-05 19:57:49,469:INFO:Feature engineering successful, shape: (533, 18)
2024-06-05 19:58:18,603:INFO:Model training successful, X_train shape: (426, 12), X_test shape: (107, 12)
2024-06-05 19:58:24,703:INFO:Model evaluation successful
2024-06-05 19:58:26,769:INFO:Trading simulation successful
2024-06-05 20:02:53,907:INFO:Data retrieval successful, shape: (1095, 6)
2024-06-05 20:02:53,910:INFO:Data preprocessing successful, shape: (1095, 6)
2024-06-05 20:02:53,920:INFO:Feature engineering successful, shape: (874, 18)
2024-06-05 20:02:54,052:ERROR:Error in model training: semaphore or lock released too many times
2024-06-05 20:02:54,055:ERROR:Error in model training: semaphore or lock released too many times
2024-06-05 20:04:31,105:INFO:Data retrieval successful, shape: (1095, 6)
2024-06-05 20:04:31,113:INFO:Data preprocessing successful, shape: (1095, 6)
2024-06-05 20:04:31,174:INFO:Feature engineering successful, shape: (874, 18)
2024-06-05 20:05:11,381:INFO:Model training successful, X_train shape: (699, 12), X_test shape: (175, 12)
2024-06-05 20:05:21,366:INFO:Model evaluation successful
2024-06-05 20:05:24,444:ERROR:Error sending email: (535, b'5.7.8 Username and Password not accepted. For more information, go to\n5.7.8  https://support.google.com/mail/?p=BadCredentials d9443c01a7336-1f632355498sm99307325ad.66 - gsmtp')
2024-06-05 20:05:26,842:ERROR:Error sending email: (535, b'5.7.8 Username and Password not accepted. For more information, go to\n5.7.8  https://support.google.com/mail/?p=BadCredentials d2e1a72fcca58-70242b2bcc4sm8101004b3a.187 - gsmtp')
2024-06-05 20:05:29,367:ERROR:Error sending email: (535, b'5.7.8 Username and Password not accepted. For more information, go to\n5.7.8  https://support.google.com/mail/?p=BadCredentials 98e67ed59e1d1-2c28066d54fsm1060612a91.8 - gsmtp')
2024-06-05 20:05:31,862:ERROR:Error sending email: (535, b'5.7.8 Username and Password not accepted. For more information, go to\n5.7.8  https://support.google.com/mail/?p=BadCredentials d2e1a72fcca58-702423da888sm8337717b3a.60 - gsmtp')
2024-06-05 20:05:34,276:ERROR:Error sending email: (535, b'5.7.8 Username and Password not accepted. For more information, go to\n5.7.8  https://support.google.com/mail/?p=BadCredentials 98e67ed59e1d1-2c28067b200sm1057140a91.29 - gsmtp')
2024-06-05 20:05:36,674:ERROR:Error sending email: (535, b'5.7.8 Username and Password not accepted. For more information, go to\n5.7.8  https://support.google.com/mail/?p=BadCredentials d9443c01a7336-1f63236cb48sm100951445ad.99 - gsmtp')
2024-06-05 20:05:39,230:ERROR:Error sending email: (535, b'5.7.8 Username and Password not accepted. For more information, go to\n5.7.8  https://support.google.com/mail/?p=BadCredentials d9443c01a7336-1f63241e085sm98166255ad.299 - gsmtp')
2024-06-05 20:05:41,760:ERROR:Error sending email: (535, b'5.7.8 Username and Password not accepted. For more information, go to\n5.7.8  https://support.google.com/mail/?p=BadCredentials d9443c01a7336-1f65a22c693sm73537345ad.170 - gsmtp')
2024-06-05 20:05:44,203:ERROR:Error sending email: (535, b'5.7.8 Username and Password not accepted. For more information, go to\n5.7.8  https://support.google.com/mail/?p=BadCredentials 98e67ed59e1d1-2c28067a208sm1056862a91.27 - gsmtp')
2024-06-05 20:05:46,631:ERROR:Error sending email: (535, b'5.7.8 Username and Password not accepted. For more information, go to\n5.7.8  https://support.google.com/mail/?p=BadCredentials d9443c01a7336-1f677e4b7e0sm55901055ad.273 - gsmtp')
2024-06-05 20:05:49,285:ERROR:Error sending email: (535, b'5.7.8 Username and Password not accepted. For more information, go to\n5.7.8  https://support.google.com/mail/?p=BadCredentials 41be03b00d2f7-6c35a4b9694sm7638456a12.78 - gsmtp')
2024-06-05 20:05:51,695:ERROR:Error sending email: (535, b'5.7.8 Username and Password not accepted. For more information, go to\n5.7.8  https://support.google.com/mail/?p=BadCredentials d2e1a72fcca58-7025a83b354sm6101437b3a.33 - gsmtp')
2024-06-05 20:05:54,706:ERROR:Error sending email: (535, b'5.7.8 Username and Password not accepted. For more information, go to\n5.7.8  https://support.google.com/mail/?p=BadCredentials d9443c01a7336-1f632338ae5sm98268745ad.37 - gsmtp')
2024-06-05 20:05:57,057:ERROR:Error sending email: (535, b'5.7.8 Username and Password not accepted. For more information, go to\n5.7.8  https://support.google.com/mail/?p=BadCredentials d2e1a72fcca58-70242ae89b0sm8323681b3a.101 - gsmtp')
2024-06-05 20:05:59,463:ERROR:Error sending email: (535, b'5.7.8 Username and Password not accepted. For more information, go to\n5.7.8  https://support.google.com/mail/?p=BadCredentials d9443c01a7336-1f6323df5b8sm100705135ad.155 - gsmtp')
2024-06-05 20:06:01,908:ERROR:Error sending email: (535, b'5.7.8 Username and Password not accepted. For more information, go to\n5.7.8  https://support.google.com/mail/?p=BadCredentials d2e1a72fcca58-70242ae6a44sm8326486b3a.119 - gsmtp')
2024-06-05 20:06:04,412:ERROR:Error sending email: (535, b'5.7.8 Username and Password not accepted. For more information, go to\n5.7.8  https://support.google.com/mail/?p=BadCredentials d2e1a72fcca58-7024a9b5639sm8253755b3a.170 - gsmtp')
2024-06-05 20:06:07,165:ERROR:Error sending email: (535, b'5.7.8 Username and Password not accepted. For more information, go to\n5.7.8  https://support.google.com/mail/?p=BadCredentials d9443c01a7336-1f632362c35sm98284105ad.91 - gsmtp')
2024-06-05 20:06:09,541:ERROR:Error sending email: (535, b'5.7.8 Username and Password not accepted. For more information, go to\n5.7.8  https://support.google.com/mail/?p=BadCredentials d9443c01a7336-1f670550103sm59291405ad.101 - gsmtp')
2024-06-05 20:06:12,111:ERROR:Error sending email: (535, b'5.7.8 Username and Password not accepted. For more information, go to\n5.7.8  https://support.google.com/mail/?p=BadCredentials 98e67ed59e1d1-2c2805a31acsm1089917a91.0 - gsmtp')
2024-06-05 20:06:14,517:ERROR:Error sending email: (535, b'5.7.8 Username and Password not accepted. For more information, go to\n5.7.8  https://support.google.com/mail/?p=BadCredentials d9443c01a7336-1f63241c39dsm98007885ad.297 - gsmtp')
2024-06-05 20:06:16,865:ERROR:Error sending email: (535, b'5.7.8 Username and Password not accepted. For more information, go to\n5.7.8  https://support.google.com/mail/?p=BadCredentials d2e1a72fcca58-702423c7bf0sm8315489b3a.42 - gsmtp')
2024-06-05 20:06:19,323:ERROR:Error sending email: (535, b'5.7.8 Username and Password not accepted. For more information, go to\n5.7.8  https://support.google.com/mail/?p=BadCredentials d9443c01a7336-1f6323dd9e8sm99172145ad.138 - gsmtp')
2024-06-05 20:06:21,805:ERROR:Error sending email: (535, b'5.7.8 Username and Password not accepted. For more information, go to\n5.7.8  https://support.google.com/mail/?p=BadCredentials d9443c01a7336-1f677e4b7e0sm55913055ad.273 - gsmtp')
2024-06-05 20:06:24,180:ERROR:Error sending email: (535, b'5.7.8 Username and Password not accepted. For more information, go to\n5.7.8  https://support.google.com/mail/?p=BadCredentials 41be03b00d2f7-6c355cd8a42sm8230866a12.52 - gsmtp')
2024-06-05 20:06:26,591:ERROR:Error sending email: (535, b'5.7.8 Username and Password not accepted. For more information, go to\n5.7.8  https://support.google.com/mail/?p=BadCredentials d2e1a72fcca58-702423da731sm8302611b3a.61 - gsmtp')
2024-06-05 20:06:29,007:ERROR:Error sending email: (535, b'5.7.8 Username and Password not accepted. For more information, go to\n5.7.8  https://support.google.com/mail/?p=BadCredentials d2e1a72fcca58-703ed72146dsm748898b3a.194 - gsmtp')
2024-06-05 20:06:31,360:ERROR:Error sending email: (535, b'5.7.8 Username and Password not accepted. For more information, go to\n5.7.8  https://support.google.com/mail/?p=BadCredentials d2e1a72fcca58-70242b0914dsm8590044b3a.179 - gsmtp')
2024-06-05 20:06:33,823:ERROR:Error sending email: (535, b'5.7.8 Username and Password not accepted. For more information, go to\n5.7.8  https://support.google.com/mail/?p=BadCredentials d9443c01a7336-1f632356aabsm98150175ad.78 - gsmtp')
2024-06-05 20:06:36,259:ERROR:Error sending email: (535, b'5.7.8 Username and Password not accepted. For more information, go to\n5.7.8  https://support.google.com/mail/?p=BadCredentials d9443c01a7336-1f63232ddb6sm98832115ad.3 - gsmtp')
2024-06-05 20:06:38,726:ERROR:Error sending email: (535, b'5.7.8 Username and Password not accepted. For more information, go to\n5.7.8  https://support.google.com/mail/?p=BadCredentials 98e67ed59e1d1-2c28066cf1bsm1067029a91.15 - gsmtp')
2024-06-05 20:06:41,206:ERROR:Error sending email: (535, b'5.7.8 Username and Password not accepted. For more information, go to\n5.7.8  https://support.google.com/mail/?p=BadCredentials 98e67ed59e1d1-2c28066d573sm1068652a91.17 - gsmtp')
2024-06-05 20:06:43,661:ERROR:Error sending email: (535, b'5.7.8 Username and Password not accepted. For more information, go to\n5.7.8  https://support.google.com/mail/?p=BadCredentials d2e1a72fcca58-7026a1d4c1fsm4876619b3a.95 - gsmtp')
2024-06-05 20:06:46,024:ERROR:Error sending email: (535, b'5.7.8 Username and Password not accepted. For more information, go to\n5.7.8  https://support.google.com/mail/?p=BadCredentials 98e67ed59e1d1-2c28066d573sm1068784a91.17 - gsmtp')
2024-06-05 20:06:48,415:ERROR:Error sending email: (535, b'5.7.8 Username and Password not accepted. For more information, go to\n5.7.8  https://support.google.com/mail/?p=BadCredentials 41be03b00d2f7-6c353e12fbbsm8224272a12.8 - gsmtp')
2024-06-05 20:06:50,867:ERROR:Error sending email: (535, b'5.7.8 Username and Password not accepted. For more information, go to\n5.7.8  https://support.google.com/mail/?p=BadCredentials d9443c01a7336-1f632362c35sm98298875ad.91 - gsmtp')
2024-06-05 20:06:53,411:ERROR:Error sending email: (535, b'5.7.8 Username and Password not accepted. For more information, go to\n5.7.8  https://support.google.com/mail/?p=BadCredentials d2e1a72fcca58-7026a1d4c1fsm4876897b3a.95 - gsmtp')
2024-06-05 20:06:55,762:ERROR:Error sending email: (535, b'5.7.8 Username and Password not accepted. For more information, go to\n5.7.8  https://support.google.com/mail/?p=BadCredentials 98e67ed59e1d1-2c28067b200sm1059532a91.29 - gsmtp')
2024-06-05 20:06:58,220:ERROR:Error sending email: (535, b'5.7.8 Username and Password not accepted. For more information, go to\n5.7.8  https://support.google.com/mail/?p=BadCredentials d9443c01a7336-1f667512bf2sm63513325ad.224 - gsmtp')
2024-06-05 20:07:00,808:ERROR:Error sending email: (535, b'5.7.8 Username and Password not accepted. For more information, go to\n5.7.8  https://support.google.com/mail/?p=BadCredentials d9443c01a7336-1f63240c947sm98388225ad.269 - gsmtp')
2024-06-05 20:07:03,306:ERROR:Error sending email: (535, b'5.7.8 Username and Password not accepted. For more information, go to\n5.7.8  https://support.google.com/mail/?p=BadCredentials d2e1a72fcca58-702423c7ba3sm8346046b3a.3 - gsmtp')
2024-06-05 20:07:05,752:ERROR:Error sending email: (535, b'5.7.8 Username and Password not accepted. For more information, go to\n5.7.8  https://support.google.com/mail/?p=BadCredentials d2e1a72fcca58-7026913282esm4804522b3a.75 - gsmtp')
2024-06-05 20:07:08,345:ERROR:Error sending email: (535, b'5.7.8 Username and Password not accepted. For more information, go to\n5.7.8  https://support.google.com/mail/?p=BadCredentials d9443c01a7336-1f63241c39dsm98025915ad.297 - gsmtp')
2024-06-05 20:07:10,833:ERROR:Error sending email: (535, b'5.7.8 Username and Password not accepted. For more information, go to\n5.7.8  https://support.google.com/mail/?p=BadCredentials 98e67ed59e1d1-2c2806d284bsm1060498a91.57 - gsmtp')
2024-06-05 20:07:13,281:ERROR:Error sending email: (535, b'5.7.8 Username and Password not accepted. For more information, go to\n5.7.8  https://support.google.com/mail/?p=BadCredentials d9443c01a7336-1f63233909esm99718805ad.2 - gsmtp')
2024-06-05 20:07:15,810:ERROR:Error sending email: (535, b'5.7.8 Username and Password not accepted. For more information, go to\n5.7.8  https://support.google.com/mail/?p=BadCredentials d9443c01a7336-1f6324167f5sm99580355ad.282 - gsmtp')
2024-06-05 20:07:18,257:ERROR:Error sending email: (535, b'5.7.8 Username and Password not accepted. For more information, go to\n5.7.8  https://support.google.com/mail/?p=BadCredentials d9443c01a7336-1f646456fb7sm84661045ad.146 - gsmtp')
2024-06-05 20:07:20,659:ERROR:Error sending email: (535, b'5.7.8 Username and Password not accepted. For more information, go to\n5.7.8  https://support.google.com/mail/?p=BadCredentials d9443c01a7336-1f63232dd4fsm98283185ad.45 - gsmtp')
2024-06-05 20:07:23,142:ERROR:Error sending email: (535, b'5.7.8 Username and Password not accepted. For more information, go to\n5.7.8  https://support.google.com/mail/?p=BadCredentials d9443c01a7336-1f632367195sm98344875ad.94 - gsmtp')
2024-06-05 20:07:25,586:ERROR:Error sending email: (535, b'5.7.8 Username and Password not accepted. For more information, go to\n5.7.8  https://support.google.com/mail/?p=BadCredentials d9443c01a7336-1f63241550bsm98977135ad.277 - gsmtp')
2024-06-05 20:07:27,996:ERROR:Error sending email: (535, b'5.7.8 Username and Password not accepted. For more information, go to\n5.7.8  https://support.google.com/mail/?p=BadCredentials d2e1a72fcca58-70271fc8f9bsm4089617b3a.132 - gsmtp')
2024-06-05 20:07:30,407:ERROR:Error sending email: (535, b'5.7.8 Username and Password not accepted. For more information, go to\n5.7.8  https://support.google.com/mail/?p=BadCredentials d9443c01a7336-1f6323dd9dcsm98184665ad.126 - gsmtp')
2024-06-05 20:07:32,901:ERROR:Error sending email: (535, b'5.7.8 Username and Password not accepted. For more information, go to\n5.7.8  https://support.google.com/mail/?p=BadCredentials 41be03b00d2f7-6c355cd8896sm8239890a12.48 - gsmtp')
2024-06-05 20:07:35,284:ERROR:Error sending email: (535, b'5.7.8 Username and Password not accepted. For more information, go to\n5.7.8  https://support.google.com/mail/?p=BadCredentials 98e67ed59e1d1-2c28066eaaasm1065786a91.23 - gsmtp')
2024-06-05 20:07:37,684:ERROR:Error sending email: (535, b'5.7.8 Username and Password not accepted. For more information, go to\n5.7.8  https://support.google.com/mail/?p=BadCredentials d9443c01a7336-1f64cff714csm80671075ad.215 - gsmtp')
2024-06-05 20:07:40,159:ERROR:Error sending email: (535, b'5.7.8 Username and Password not accepted. For more information, go to\n5.7.8  https://support.google.com/mail/?p=BadCredentials d9443c01a7336-1f6323f6da2sm98221235ad.227 - gsmtp')
2024-06-05 20:07:42,570:ERROR:Error sending email: (535, b'5.7.8 Username and Password not accepted. For more information, go to\n5.7.8  https://support.google.com/mail/?p=BadCredentials d9443c01a7336-1f6323dd73esm98464765ad.158 - gsmtp')
2024-06-05 20:07:45,008:ERROR:Error sending email: (535, b'5.7.8 Username and Password not accepted. For more information, go to\n5.7.8  https://support.google.com/mail/?p=BadCredentials d9443c01a7336-1f63232e0d2sm98267755ad.40 - gsmtp')
2024-06-05 20:07:47,446:ERROR:Error sending email: (535, b'5.7.8 Username and Password not accepted. For more information, go to\n5.7.8  https://support.google.com/mail/?p=BadCredentials d2e1a72fcca58-70242b055dcsm8605569b3a.172 - gsmtp')
2024-06-05 20:07:49,908:ERROR:Error sending email: (535, b'5.7.8 Username and Password not accepted. For more information, go to\n5.7.8  https://support.google.com/mail/?p=BadCredentials d9443c01a7336-1f63241f76fsm98679935ad.307 - gsmtp')
2024-06-05 20:07:52,369:ERROR:Error sending email: (535, b'5.7.8 Username and Password not accepted. For more information, go to\n5.7.8  https://support.google.com/mail/?p=BadCredentials d9443c01a7336-1f6324167f5sm99592815ad.282 - gsmtp')
2024-06-05 20:07:54,886:ERROR:Error sending email: (535, b'5.7.8 Username and Password not accepted. For more information, go to\n5.7.8  https://support.google.com/mail/?p=BadCredentials 41be03b00d2f7-6c37e984267sm8126402a12.42 - gsmtp')
2024-06-05 20:07:57,345:ERROR:Error sending email: (535, b'5.7.8 Username and Password not accepted. For more information, go to\n5.7.8  https://support.google.com/mail/?p=BadCredentials d9443c01a7336-1f6323dde85sm98543655ad.149 - gsmtp')
2024-06-05 20:07:59,746:ERROR:Error sending email: (535, b'5.7.8 Username and Password not accepted. For more information, go to\n5.7.8  https://support.google.com/mail/?p=BadCredentials 41be03b00d2f7-6c354b94664sm8126986a12.24 - gsmtp')
2024-06-05 20:08:02,239:ERROR:Error sending email: (535, b'5.7.8 Username and Password not accepted. For more information, go to\n5.7.8  https://support.google.com/mail/?p=BadCredentials d2e1a72fcca58-70242aec012sm8289696b3a.138 - gsmtp')
2024-06-05 20:08:05,056:ERROR:Error sending email: (535, b'5.7.8 Username and Password not accepted. For more information, go to\n5.7.8  https://support.google.com/mail/?p=BadCredentials d9443c01a7336-1f63232dde8sm101075925ad.1 - gsmtp')
2024-06-05 20:08:07,456:ERROR:Error sending email: (535, b'5.7.8 Username and Password not accepted. For more information, go to\n5.7.8  https://support.google.com/mail/?p=BadCredentials d9443c01a7336-1f63232dd76sm99200815ad.30 - gsmtp')
2024-06-05 20:08:09,892:ERROR:Error sending email: (535, b'5.7.8 Username and Password not accepted. For more information, go to\n5.7.8  https://support.google.com/mail/?p=BadCredentials d9443c01a7336-1f63241c39dsm98047105ad.297 - gsmtp')
2024-06-05 20:08:12,391:ERROR:Error sending email: (535, b'5.7.8 Username and Password not accepted. For more information, go to\n5.7.8  https://support.google.com/mail/?p=BadCredentials d9443c01a7336-1f63235a344sm98552645ad.84 - gsmtp')
2024-06-05 20:08:14,777:ERROR:Error sending email: (535, b'5.7.8 Username and Password not accepted. For more information, go to\n5.7.8  https://support.google.com/mail/?p=BadCredentials d9443c01a7336-1f632338afbsm99443255ad.47 - gsmtp')
2024-06-05 20:08:17,196:ERROR:Error sending email: (535, b'5.7.8 Username and Password not accepted. For more information, go to\n5.7.8  https://support.google.com/mail/?p=BadCredentials d2e1a72fcca58-70245aa1982sm7955947b3a.163 - gsmtp')
2024-06-05 20:08:19,679:ERROR:Error sending email: (535, b'5.7.8 Username and Password not accepted. For more information, go to\n5.7.8  https://support.google.com/mail/?p=BadCredentials d2e1a72fcca58-703f3909797sm246661b3a.14 - gsmtp')
2024-06-05 20:08:22,071:ERROR:Error sending email: (535, b'5.7.8 Username and Password not accepted. For more information, go to\n5.7.8  https://support.google.com/mail/?p=BadCredentials 41be03b00d2f7-6c353e12fbbsm8226476a12.8 - gsmtp')
2024-06-05 20:08:24,467:ERROR:Error sending email: (535, b'5.7.8 Username and Password not accepted. For more information, go to\n5.7.8  https://support.google.com/mail/?p=BadCredentials d9443c01a7336-1f63235a786sm100449975ad.67 - gsmtp')
2024-06-05 20:08:26,903:ERROR:Error sending email: (535, b'5.7.8 Username and Password not accepted. For more information, go to\n5.7.8  https://support.google.com/mail/?p=BadCredentials d9443c01a7336-1f63237901asm99043675ad.93 - gsmtp')
2024-06-05 20:08:29,316:ERROR:Error sending email: (535, b'5.7.8 Username and Password not accepted. For more information, go to\n5.7.8  https://support.google.com/mail/?p=BadCredentials 98e67ed59e1d1-2c28066d024sm1068422a91.7 - gsmtp')
2024-06-05 20:08:31,726:ERROR:Error sending email: (535, b'5.7.8 Username and Password not accepted. For more information, go to\n5.7.8  https://support.google.com/mail/?p=BadCredentials d9443c01a7336-1f63415d96asm98514905ad.274 - gsmtp')
2024-06-05 20:08:34,068:ERROR:Error sending email: (535, b'5.7.8 Username and Password not accepted. For more information, go to\n5.7.8  https://support.google.com/mail/?p=BadCredentials d9443c01a7336-1f634146cf3sm97104945ad.262 - gsmtp')
2024-06-05 20:08:36,443:ERROR:Error sending email: (535, b'5.7.8 Username and Password not accepted. For more information, go to\n5.7.8  https://support.google.com/mail/?p=BadCredentials 98e67ed59e1d1-2c28066d594sm1069819a91.16 - gsmtp')
2024-06-05 20:08:38,807:ERROR:Error sending email: (535, b'5.7.8 Username and Password not accepted. For more information, go to\n5.7.8  https://support.google.com/mail/?p=BadCredentials d9443c01a7336-1f63241d22asm98124105ad.300 - gsmtp')
2024-06-05 20:08:41,154:ERROR:Error sending email: (535, b'5.7.8 Username and Password not accepted. For more information, go to\n5.7.8  https://support.google.com/mail/?p=BadCredentials d9443c01a7336-1f6323e9b12sm97866855ad.197 - gsmtp')
2024-06-05 20:08:43,772:ERROR:Error sending email: (535, b'5.7.8 Username and Password not accepted. For more information, go to\n5.7.8  https://support.google.com/mail/?p=BadCredentials d9443c01a7336-1f681e9dabdsm48085575ad.261 - gsmtp')
2024-06-05 20:08:46,225:ERROR:Error sending email: (535, b'5.7.8 Username and Password not accepted. For more information, go to\n5.7.8  https://support.google.com/mail/?p=BadCredentials d9443c01a7336-1f6323dd9dcsm98210835ad.126 - gsmtp')
2024-06-05 20:08:48,611:ERROR:Error sending email: (535, b'5.7.8 Username and Password not accepted. For more information, go to\n5.7.8  https://support.google.com/mail/?p=BadCredentials d9443c01a7336-1f6323ed320sm99237935ad.208 - gsmtp')
2024-06-05 20:08:51,003:ERROR:Error sending email: (535, b'5.7.8 Username and Password not accepted. For more information, go to\n5.7.8  https://support.google.com/mail/?p=BadCredentials d9443c01a7336-1f6323e98c1sm98114015ad.188 - gsmtp')
2024-06-05 20:08:53,448:ERROR:Error sending email: (535, b'5.7.8 Username and Password not accepted. For more information, go to\n5.7.8  https://support.google.com/mail/?p=BadCredentials 41be03b00d2f7-6c35a4b9c92sm7846705a12.82 - gsmtp')
2024-06-05 20:08:55,822:ERROR:Error sending email: (535, b'5.7.8 Username and Password not accepted. For more information, go to\n5.7.8  https://support.google.com/mail/?p=BadCredentials d2e1a72fcca58-702838bf358sm2454103b3a.16 - gsmtp')
2024-06-05 20:08:58,305:ERROR:Error sending email: (535, b'5.7.8 Username and Password not accepted. For more information, go to\n5.7.8  https://support.google.com/mail/?p=BadCredentials d2e1a72fcca58-70242b0914dsm8593900b3a.179 - gsmtp')
2024-06-05 20:09:00,834:ERROR:Error sending email: (535, b'5.7.8 Username and Password not accepted. For more information, go to\n5.7.8  https://support.google.com/mail/?p=BadCredentials 98e67ed59e1d1-2c280697e5esm1071718a91.28 - gsmtp')
2024-06-05 20:09:03,255:ERROR:Error sending email: (535, b'5.7.8 Username and Password not accepted. For more information, go to\n5.7.8  https://support.google.com/mail/?p=BadCredentials d2e1a72fcca58-70242b2c57bsm8327248b3a.189 - gsmtp')
2024-06-05 20:09:05,688:ERROR:Error sending email: (535, b'5.7.8 Username and Password not accepted. For more information, go to\n5.7.8  https://support.google.com/mail/?p=BadCredentials 98e67ed59e1d1-2c2806d2936sm1066089a91.53 - gsmtp')
2024-06-05 20:09:08,305:ERROR:Error sending email: (535, b'5.7.8 Username and Password not accepted. For more information, go to\n5.7.8  https://support.google.com/mail/?p=BadCredentials d9443c01a7336-1f632415710sm98059455ad.280 - gsmtp')
2024-06-05 20:09:10,718:ERROR:Error sending email: (535, b'5.7.8 Username and Password not accepted. For more information, go to\n5.7.8  https://support.google.com/mail/?p=BadCredentials d9443c01a7336-1f6828e88d7sm47301215ad.219 - gsmtp')
2024-06-05 20:09:13,146:ERROR:Error sending email: (535, b'5.7.8 Username and Password not accepted. For more information, go to\n5.7.8  https://support.google.com/mail/?p=BadCredentials d2e1a72fcca58-703ef4436acsm654758b3a.20 - gsmtp')
2024-06-05 20:09:15,599:ERROR:Error sending email: (535, b'5.7.8 Username and Password not accepted. For more information, go to\n5.7.8  https://support.google.com/mail/?p=BadCredentials d2e1a72fcca58-703eb1419casm810769b3a.136 - gsmtp')
2024-06-05 20:09:18,124:ERROR:Error sending email: (535, b'5.7.8 Username and Password not accepted. For more information, go to\n5.7.8  https://support.google.com/mail/?p=BadCredentials d9443c01a7336-1f6323dd731sm100554495ad.144 - gsmtp')
2024-06-05 20:09:20,578:ERROR:Error sending email: (535, b'5.7.8 Username and Password not accepted. For more information, go to\n5.7.8  https://support.google.com/mail/?p=BadCredentials d9443c01a7336-1f6323f81b2sm100759735ad.223 - gsmtp')
2024-06-05 20:09:23,039:ERROR:Error sending email: (535, b'5.7.8 Username and Password not accepted. For more information, go to\n5.7.8  https://support.google.com/mail/?p=BadCredentials 98e67ed59e1d1-2c2806d284bsm1064250a91.57 - gsmtp')
2024-06-05 20:09:25,616:ERROR:Error sending email: (535, b'5.7.8 Username and Password not accepted. For more information, go to\n5.7.8  https://support.google.com/mail/?p=BadCredentials 41be03b00d2f7-6c354b945d3sm8173498a12.20 - gsmtp')
2024-06-05 20:09:27,989:ERROR:Error sending email: (535, b'5.7.8 Username and Password not accepted. For more information, go to\n5.7.8  https://support.google.com/mail/?p=BadCredentials d9443c01a7336-1f6323dde39sm101380565ad.167 - gsmtp')
2024-06-05 20:09:30,463:ERROR:Error sending email: (535, b'5.7.8 Username and Password not accepted. For more information, go to\n5.7.8  https://support.google.com/mail/?p=BadCredentials 98e67ed59e1d1-2c2806a8a90sm1160178a91.41 - gsmtp')
2024-06-05 20:09:32,918:ERROR:Error sending email: (535, b'5.7.8 Username and Password not accepted. For more information, go to\n5.7.8  https://support.google.com/mail/?p=BadCredentials d9443c01a7336-1f632356aa0sm98297525ad.74 - gsmtp')
2024-06-05 20:09:35,404:ERROR:Error sending email: (535, b'5.7.8 Username and Password not accepted. For more information, go to\n5.7.8  https://support.google.com/mail/?p=BadCredentials 41be03b00d2f7-6c354d7fe9dsm7049540a12.31 - gsmtp')
2024-06-05 20:09:37,800:ERROR:Error sending email: (535, b'5.7.8 Username and Password not accepted. For more information, go to\n5.7.8  https://support.google.com/mail/?p=BadCredentials d2e1a72fcca58-70253a359e4sm6837372b3a.98 - gsmtp')
2024-06-05 20:09:40,339:ERROR:Error sending email: (535, b'5.7.8 Username and Password not accepted. For more information, go to\n5.7.8  https://support.google.com/mail/?p=BadCredentials d2e1a72fcca58-702541eeadcsm6596735b3a.150 - gsmtp')
2024-06-05 20:09:42,787:ERROR:Error sending email: (535, b'5.7.8 Username and Password not accepted. For more information, go to\n5.7.8  https://support.google.com/mail/?p=BadCredentials d2e1a72fcca58-702425d8a5fsm8304407b3a.76 - gsmtp')
2024-06-05 20:09:45,174:ERROR:Error sending email: (535, b'5.7.8 Username and Password not accepted. For more information, go to\n5.7.8  https://support.google.com/mail/?p=BadCredentials 41be03b00d2f7-6c354b94664sm8129345a12.24 - gsmtp')
2024-06-05 20:09:47,753:ERROR:Error sending email: (535, b'5.7.8 Username and Password not accepted. For more information, go to\n5.7.8  https://support.google.com/mail/?p=BadCredentials d9443c01a7336-1f6323e159dsm100870665ad.129 - gsmtp')
2024-06-05 20:09:50,229:ERROR:Error sending email: (535, b'5.7.8 Username and Password not accepted. For more information, go to\n5.7.8  https://support.google.com/mail/?p=BadCredentials d9443c01a7336-1f63241d281sm98392075ad.302 - gsmtp')
2024-06-05 20:09:52,586:ERROR:Error sending email: (535, b'5.7.8 Username and Password not accepted. For more information, go to\n5.7.8  https://support.google.com/mail/?p=BadCredentials d9443c01a7336-1f68822a4d9sm43427665ad.255 - gsmtp')
2024-06-05 20:09:55,048:ERROR:Error sending email: (535, b'5.7.8 Username and Password not accepted. For more information, go to\n5.7.8  https://support.google.com/mail/?p=BadCredentials d9443c01a7336-1f63232dd91sm100792405ad.23 - gsmtp')
2024-06-05 20:09:57,520:ERROR:Error sending email: (535, b'5.7.8 Username and Password not accepted. For more information, go to\n5.7.8  https://support.google.com/mail/?p=BadCredentials 41be03b00d2f7-6c354d7eac1sm8205563a12.33 - gsmtp')
2024-06-05 20:10:00,052:ERROR:Error sending email: (535, b'5.7.8 Username and Password not accepted. For more information, go to\n5.7.8  https://support.google.com/mail/?p=BadCredentials d2e1a72fcca58-70258e33b06sm6245316b3a.154 - gsmtp')
2024-06-05 20:10:02,425:ERROR:Error sending email: (535, b'5.7.8 Username and Password not accepted. For more information, go to\n5.7.8  https://support.google.com/mail/?p=BadCredentials d9443c01a7336-1f6323dd9e8sm99248295ad.138 - gsmtp')
2024-06-05 20:10:04,874:ERROR:Error sending email: (535, b'5.7.8 Username and Password not accepted. For more information, go to\n5.7.8  https://support.google.com/mail/?p=BadCredentials d2e1a72fcca58-703f3909797sm249288b3a.14 - gsmtp')
2024-06-05 20:10:07,304:ERROR:Error sending email: (535, b'5.7.8 Username and Password not accepted. For more information, go to\n5.7.8  https://support.google.com/mail/?p=BadCredentials d2e1a72fcca58-702423da731sm8308164b3a.61 - gsmtp')
2024-06-05 20:10:09,680:ERROR:Error sending email: (535, b'5.7.8 Username and Password not accepted. For more information, go to\n5.7.8  https://support.google.com/mail/?p=BadCredentials d9443c01a7336-1f63232dde8sm101119895ad.1 - gsmtp')
2024-06-05 20:10:12,184:ERROR:Error sending email: (535, b'5.7.8 Username and Password not accepted. For more information, go to\n5.7.8  https://support.google.com/mail/?p=BadCredentials d9443c01a7336-1f634146cf3sm97138705ad.262 - gsmtp')
2024-06-05 20:10:14,563:ERROR:Error sending email: (535, b'5.7.8 Username and Password not accepted. For more information, go to\n5.7.8  https://support.google.com/mail/?p=BadCredentials d2e1a72fcca58-70242b2d1c0sm8692396b3a.204 - gsmtp')
2024-06-05 20:10:16,978:ERROR:Error sending email: (535, b'5.7.8 Username and Password not accepted. For more information, go to\n5.7.8  https://support.google.com/mail/?p=BadCredentials d2e1a72fcca58-7025ca95f1dsm6095967b3a.144 - gsmtp')
2024-06-05 20:10:19,516:ERROR:Error sending email: (535, b'5.7.8 Username and Password not accepted. For more information, go to\n5.7.8  https://support.google.com/mail/?p=BadCredentials d9443c01a7336-1f632409ab0sm99594025ad.259 - gsmtp')
2024-06-05 20:10:21,920:ERROR:Error sending email: (535, b'5.7.8 Username and Password not accepted. For more information, go to\n5.7.8  https://support.google.com/mail/?p=BadCredentials d9443c01a7336-1f6323f2bb9sm99507895ad.214 - gsmtp')
2024-06-05 20:10:24,324:ERROR:Error sending email: (535, b'5.7.8 Username and Password not accepted. For more information, go to\n5.7.8  https://support.google.com/mail/?p=BadCredentials d9443c01a7336-1f63235a344sm98599135ad.84 - gsmtp')
2024-06-05 20:10:26,702:ERROR:Error sending email: (535, b'5.7.8 Username and Password not accepted. For more information, go to\n5.7.8  https://support.google.com/mail/?p=BadCredentials d9443c01a7336-1f6323562b6sm98342065ad.73 - gsmtp')
2024-06-05 20:10:29,157:ERROR:Error sending email: (535, b'5.7.8 Username and Password not accepted. For more information, go to\n5.7.8  https://support.google.com/mail/?p=BadCredentials 98e67ed59e1d1-2c28066d511sm1068933a91.9 - gsmtp')
2024-06-05 20:10:31,592:ERROR:Error sending email: (535, b'5.7.8 Username and Password not accepted. For more information, go to\n5.7.8  https://support.google.com/mail/?p=BadCredentials d2e1a72fcca58-70242b300e8sm8278510b3a.210 - gsmtp')
2024-06-05 20:10:34,004:ERROR:Error sending email: (535, b'5.7.8 Username and Password not accepted. For more information, go to\n5.7.8  https://support.google.com/mail/?p=BadCredentials d9443c01a7336-1f6324e54besm98482645ad.254 - gsmtp')
2024-06-05 20:10:36,424:ERROR:Error sending email: (535, b'5.7.8 Username and Password not accepted. For more information, go to\n5.7.8  https://support.google.com/mail/?p=BadCredentials 41be03b00d2f7-6c3540f55fcsm8092050a12.12 - gsmtp')
2024-06-05 20:10:38,833:ERROR:Error sending email: (535, b'5.7.8 Username and Password not accepted. For more information, go to\n5.7.8  https://support.google.com/mail/?p=BadCredentials 41be03b00d2f7-6d47b555f1csm1685382a12.40 - gsmtp')
2024-06-05 20:10:41,233:ERROR:Error sending email: (535, b'5.7.8 Username and Password not accepted. For more information, go to\n5.7.8  https://support.google.com/mail/?p=BadCredentials d9443c01a7336-1f6358079bdsm96582965ad.263 - gsmtp')
2024-06-05 20:10:43,740:ERROR:Error sending email: (535, b'5.7.8 Username and Password not accepted. For more information, go to\n5.7.8  https://support.google.com/mail/?p=BadCredentials d2e1a72fcca58-70259fe3e6asm6167543b3a.52 - gsmtp')
2024-06-05 20:10:46,196:ERROR:Error sending email: (535, b'5.7.8 Username and Password not accepted. For more information, go to\n5.7.8  https://support.google.com/mail/?p=BadCredentials 41be03b00d2f7-6c354e74495sm8261758a12.32 - gsmtp')
2024-06-05 20:10:48,549:ERROR:Error sending email: (535, b'5.7.8 Username and Password not accepted. For more information, go to\n5.7.8  https://support.google.com/mail/?p=BadCredentials d9443c01a7336-1f63232dd76sm99256615ad.30 - gsmtp')
2024-06-05 20:10:51,008:ERROR:Error sending email: (535, b'5.7.8 Username and Password not accepted. For more information, go to\n5.7.8  https://support.google.com/mail/?p=BadCredentials 41be03b00d2f7-6c355aeabcasm8163172a12.41 - gsmtp')
2024-06-05 20:10:53,504:ERROR:Error sending email: (535, b'5.7.8 Username and Password not accepted. For more information, go to\n5.7.8  https://support.google.com/mail/?p=BadCredentials 41be03b00d2f7-6d31987e4acsm2312207a12.83 - gsmtp')
2024-06-05 20:10:55,921:ERROR:Error sending email: (535, b'5.7.8 Username and Password not accepted. For more information, go to\n5.7.8  https://support.google.com/mail/?p=BadCredentials 98e67ed59e1d1-2c2806b4896sm1068101a91.57 - gsmtp')
2024-06-05 20:10:58,078:ERROR:Error sending email: (535, b'5.7.8 Username and Password not accepted. For more information, go to\n5.7.8  https://support.google.com/mail/?p=BadCredentials d2e1a72fcca58-703ecfb2519sm779092b3a.207 - gsmtp')
2024-06-05 20:11:00,575:ERROR:Error sending email: (535, b'5.7.8 Username and Password not accepted. For more information, go to\n5.7.8  https://support.google.com/mail/?p=BadCredentials 98e67ed59e1d1-2c2806d1a6esm1064030a91.54 - gsmtp')
2024-06-05 20:11:03,001:ERROR:Error sending email: (535, b'5.7.8 Username and Password not accepted. For more information, go to\n5.7.8  https://support.google.com/mail/?p=BadCredentials d9443c01a7336-1f632356aabsm98241955ad.78 - gsmtp')
2024-06-05 20:11:24,914:INFO:Data retrieval successful, shape: (1095, 6)
2024-06-05 20:11:24,917:INFO:Data preprocessing successful, shape: (1095, 6)
2024-06-05 20:11:24,992:INFO:Feature engineering successful, shape: (874, 18)
2024-06-05 20:12:01,655:INFO:Model training successful, X_train shape: (699, 12), X_test shape: (175, 12)
2024-06-05 20:12:07,660:INFO:Model evaluation successful
2024-06-05 20:12:10,095:ERROR:Error sending email: (535, b'5.7.8 Username and Password not accepted. For more information, go to\n5.7.8  https://support.google.com/mail/?p=BadCredentials d2e1a72fcca58-702423cb705sm8285786b3a.4 - gsmtp')
2024-06-05 20:12:12,606:ERROR:Error sending email: (535, b'5.7.8 Username and Password not accepted. For more information, go to\n5.7.8  https://support.google.com/mail/?p=BadCredentials 41be03b00d2f7-6c354d7e4ecsm8196930a12.21 - gsmtp')
2024-06-05 20:12:15,025:ERROR:Error sending email: (535, b'5.7.8 Username and Password not accepted. For more information, go to\n5.7.8  https://support.google.com/mail/?p=BadCredentials d2e1a72fcca58-7025a955dd1sm6090925b3a.64 - gsmtp')
2024-06-05 20:12:18,369:ERROR:Error sending email: (535, b'5.7.8 Username and Password not accepted. For more information, go to\n5.7.8  https://support.google.com/mail/?p=BadCredentials d9443c01a7336-1f6323dd918sm98805855ad.164 - gsmtp')
2024-06-05 20:12:20,950:ERROR:Error sending email: (535, b'5.7.8 Username and Password not accepted. For more information, go to\n5.7.8  https://support.google.com/mail/?p=BadCredentials d9443c01a7336-1f676851481sm56950985ad.290 - gsmtp')
2024-06-05 20:12:23,338:ERROR:Error sending email: (535, b'5.7.8 Username and Password not accepted. For more information, go to\n5.7.8  https://support.google.com/mail/?p=BadCredentials d9443c01a7336-1f632338adasm98970595ad.16 - gsmtp')
2024-06-05 20:12:25,727:ERROR:Error sending email: (535, b'5.7.8 Username and Password not accepted. For more information, go to\n5.7.8  https://support.google.com/mail/?p=BadCredentials d9443c01a7336-1f683286848sm46633515ad.235 - gsmtp')
2024-06-05 20:12:28,320:ERROR:Error sending email: (535, b'5.7.8 Username and Password not accepted. For more information, go to\n5.7.8  https://support.google.com/mail/?p=BadCredentials d2e1a72fcca58-70242af1288sm8311563b3a.134 - gsmtp')
2024-06-05 20:12:31,500:ERROR:Error sending email: (535, b'5.7.8 Username and Password not accepted. For more information, go to\n5.7.8  https://support.google.com/mail/?p=BadCredentials d2e1a72fcca58-70242b2e57csm8330820b3a.201 - gsmtp')
2024-06-05 20:12:33,880:ERROR:Error sending email: (535, b'5.7.8 Username and Password not accepted. For more information, go to\n5.7.8  https://support.google.com/mail/?p=BadCredentials d9443c01a7336-1f63235561csm98421325ad.70 - gsmtp')
2024-06-05 20:12:36,382:ERROR:Error sending email: (535, b'5.7.8 Username and Password not accepted. For more information, go to\n5.7.8  https://support.google.com/mail/?p=BadCredentials 98e67ed59e1d1-2c2806a8c3dsm1072799a91.42 - gsmtp')
2024-06-05 20:12:38,782:ERROR:Error sending email: (535, b'5.7.8 Username and Password not accepted. For more information, go to\n5.7.8  https://support.google.com/mail/?p=BadCredentials d9443c01a7336-1f6323dde39sm101447915ad.167 - gsmtp')
2024-06-05 20:12:41,195:ERROR:Error sending email: (535, b'5.7.8 Username and Password not accepted. For more information, go to\n5.7.8  https://support.google.com/mail/?p=BadCredentials 98e67ed59e1d1-2c2806b32a1sm1076503a91.52 - gsmtp')
2024-06-05 20:12:43,701:ERROR:Error sending email: (535, b'5.7.8 Username and Password not accepted. For more information, go to\n5.7.8  https://support.google.com/mail/?p=BadCredentials d2e1a72fcca58-702425e0aeesm8327341b3a.87 - gsmtp')
2024-06-05 20:12:46,121:ERROR:Error sending email: (535, b'5.7.8 Username and Password not accepted. For more information, go to\n5.7.8  https://support.google.com/mail/?p=BadCredentials d2e1a72fcca58-70255bf1f29sm6597661b3a.94 - gsmtp')
2024-06-05 20:12:48,537:ERROR:Error sending email: (535, b'5.7.8 Username and Password not accepted. For more information, go to\n5.7.8  https://support.google.com/mail/?p=BadCredentials 41be03b00d2f7-6c35515311asm8243541a12.38 - gsmtp')
2024-06-05 20:12:51,009:ERROR:Error sending email: (535, b'5.7.8 Username and Password not accepted. For more information, go to\n5.7.8  https://support.google.com/mail/?p=BadCredentials d2e1a72fcca58-70242aec012sm8296921b3a.138 - gsmtp')
2024-06-05 20:12:53,513:ERROR:Error sending email: (535, b'5.7.8 Username and Password not accepted. For more information, go to\n5.7.8  https://support.google.com/mail/?p=BadCredentials d2e1a72fcca58-703eec3be4bsm690839b3a.79 - gsmtp')
2024-06-05 20:12:55,943:ERROR:Error sending email: (535, b'5.7.8 Username and Password not accepted. For more information, go to\n5.7.8  https://support.google.com/mail/?p=BadCredentials d9443c01a7336-1f63232dc11sm98657945ad.62 - gsmtp')
2024-06-05 20:12:57,358:ERROR:Error sending email: (250, b'smtp.gmail.com at your service, [49.190.236.177]\nSIZE 35882577\n8BITMIME\nAUTH LOGIN PLAIN XOAUTH2 PLAIN-CLIENTTOKEN OAUTHBEARER XOAUTH\nENHANCEDSTATUSCODES\nPIPELINING\nCHUNKING\nSMTPUTF8')
2024-06-05 20:12:59,805:ERROR:Error sending email: (535, b'5.7.8 Username and Password not accepted. For more information, go to\n5.7.8  https://support.google.com/mail/?p=BadCredentials d9443c01a7336-1f66c412fd2sm61961205ad.283 - gsmtp')
2024-06-05 20:13:02,187:ERROR:Error sending email: (535, b'5.7.8 Username and Password not accepted. For more information, go to\n5.7.8  https://support.google.com/mail/?p=BadCredentials 98e67ed59e1d1-2c28067b1easm1087895a91.17 - gsmtp')
2024-06-05 20:13:04,605:ERROR:Error sending email: (535, b'5.7.8 Username and Password not accepted. For more information, go to\n5.7.8  https://support.google.com/mail/?p=BadCredentials d2e1a72fcca58-702423c835fsm8306448b3a.41 - gsmtp')
2024-06-05 20:13:07,056:ERROR:Error sending email: (535, b'5.7.8 Username and Password not accepted. For more information, go to\n5.7.8  https://support.google.com/mail/?p=BadCredentials d2e1a72fcca58-70244486e5bsm8063819b3a.62 - gsmtp')
2024-06-05 20:13:09,554:ERROR:Error sending email: (535, b'5.7.8 Username and Password not accepted. For more information, go to\n5.7.8  https://support.google.com/mail/?p=BadCredentials d9443c01a7336-1f676917bb2sm56743205ad.230 - gsmtp')
2024-06-05 20:13:11,977:ERROR:Error sending email: (535, b'5.7.8 Username and Password not accepted. For more information, go to\n5.7.8  https://support.google.com/mail/?p=BadCredentials d2e1a72fcca58-70242c2479fsm8324153b3a.214 - gsmtp')
2024-06-05 20:13:14,391:ERROR:Error sending email: (535, b'5.7.8 Username and Password not accepted. For more information, go to\n5.7.8  https://support.google.com/mail/?p=BadCredentials d9443c01a7336-1f63232dd60sm98087545ad.38 - gsmtp')
2024-06-05 20:13:16,900:ERROR:Error sending email: (535, b'5.7.8 Username and Password not accepted. For more information, go to\n5.7.8  https://support.google.com/mail/?p=BadCredentials d9443c01a7336-1f632338adasm98989745ad.16 - gsmtp')
2024-06-05 20:13:19,291:ERROR:Error sending email: (535, b'5.7.8 Username and Password not accepted. For more information, go to\n5.7.8  https://support.google.com/mail/?p=BadCredentials d9443c01a7336-1f63232ddb6sm98971255ad.3 - gsmtp')
2024-06-05 20:13:21,720:ERROR:Error sending email: (535, b'5.7.8 Username and Password not accepted. For more information, go to\n5.7.8  https://support.google.com/mail/?p=BadCredentials d9443c01a7336-1f6323ea1d2sm98045235ad.190 - gsmtp')
2024-06-05 20:13:24,239:ERROR:Error sending email: (535, b'5.7.8 Username and Password not accepted. For more information, go to\n5.7.8  https://support.google.com/mail/?p=BadCredentials d9443c01a7336-1f63241c39dsm98155805ad.297 - gsmtp')
2024-06-05 20:13:26,579:ERROR:Error sending email: (535, b'5.7.8 Username and Password not accepted. For more information, go to\n5.7.8  https://support.google.com/mail/?p=BadCredentials 98e67ed59e1d1-2c28067b118sm1075010a91.26 - gsmtp')
2024-06-05 20:13:28,945:ERROR:Error sending email: (535, b'5.7.8 Username and Password not accepted. For more information, go to\n5.7.8  https://support.google.com/mail/?p=BadCredentials d2e1a72fcca58-703ef4436acsm661072b3a.20 - gsmtp')
2024-06-05 20:13:31,421:ERROR:Error sending email: (535, b'5.7.8 Username and Password not accepted. For more information, go to\n5.7.8  https://support.google.com/mail/?p=BadCredentials d2e1a72fcca58-70258347aa2sm6246697b3a.180 - gsmtp')
2024-06-05 20:13:33,099:ERROR:Error sending email: (535, b'5.7.8 Username and Password not accepted. For more information, go to\n5.7.8  https://support.google.com/mail/?p=BadCredentials d9443c01a7336-1f6324013c3sm98636555ad.246 - gsmtp')
2024-06-05 20:13:39,798:INFO:Data retrieval successful, shape: (1095, 6)
2024-06-05 20:13:39,801:INFO:Data preprocessing successful, shape: (1095, 6)
2024-06-05 20:13:39,810:INFO:Feature engineering successful, shape: (874, 18)
2024-06-05 20:14:19,407:INFO:Model training successful, X_train shape: (699, 12), X_test shape: (175, 12)
2024-06-05 20:14:22,188:INFO:Model evaluation successful
2024-06-05 20:14:25,258:INFO:Trading simulation successful
